<?xml version="1.0" encoding="UTF-8"?>
<coverage generated="1728708189090" clover="3.2.0">
  <project timestamp="1728708189091" name="All files">
    <metrics statements="27" coveredstatements="26" conditionals="10" coveredconditionals="10" methods="11" coveredmethods="10" elements="48" coveredelements="46" complexity="0" loc="27" ncloc="27" packages="1" files="1" classes="1"/>
    <file name="index.js" path="C:\Users\GK\Desktop\prospect bd\prospectbd-libraries\test\src\index.js">
      <metrics statements="27" coveredstatements="26" conditionals="10" coveredconditionals="10" methods="11" coveredmethods="10"/>
      <line num="2" count="0" type="stmt"/>
      <line num="6" count="5" type="stmt"/>
      <line num="16" count="6" type="stmt"/>
      <line num="21" count="10" type="cond" truecount="2" falsecount="0"/>
      <line num="25" count="5" type="stmt"/>
      <line num="32" count="13" type="cond" truecount="2" falsecount="0"/>
      <line num="36" count="5" type="stmt"/>
      <line num="40" count="8" type="stmt"/>
      <line num="41" count="4" type="cond" truecount="2" falsecount="0"/>
      <line num="42" count="1" type="stmt"/>
      <line num="45" count="3" type="stmt"/>
      <line num="46" count="3" type="stmt"/>
      <line num="48" count="3" type="stmt"/>
      <line num="49" count="3" type="cond" truecount="2" falsecount="0"/>
      <line num="50" count="1" type="stmt"/>
      <line num="53" count="2" type="stmt"/>
      <line num="54" count="2" type="cond" truecount="2" falsecount="0"/>
      <line num="55" count="1" type="stmt"/>
      <line num="58" count="1" type="stmt"/>
      <line num="59" count="1" type="stmt"/>
      <line num="62" count="1" type="stmt"/>
      <line num="64" count="1" type="stmt"/>
      <line num="69" count="5" type="stmt"/>
      <line num="70" count="5" type="stmt"/>
      <line num="71" count="5" type="stmt"/>
      <line num="75" count="4" type="stmt"/>
      <line num="79" count="1" type="stmt"/>
    </file>
  </project>
</coverage>
