{"C:\\Users\\GK\\Desktop\\prospect bd\\prospectbd-libraries\\test\\src\\index.js": {"path":"C:\\Users\\GK\\Desktop\\prospect bd\\prospectbd-libraries\\test\\src\\index.js","statementMap":{"0":{"start":{"line":2,"column":4},"end":{"line":2,"column":33}},"1":{"start":{"line":6,"column":4},"end":{"line":12,"column":6}},"2":{"start":{"line":16,"column":22},"end":{"line":19,"column":5}},"3":{"start":{"line":21,"column":4},"end":{"line":21,"column":75}},"4":{"start":{"line":21,"column":39},"end":{"line":21,"column":65}},"5":{"start":{"line":25,"column":22},"end":{"line":30,"column":5}},"6":{"start":{"line":32,"column":4},"end":{"line":32,"column":75}},"7":{"start":{"line":32,"column":39},"end":{"line":32,"column":65}},"8":{"start":{"line":36,"column":4},"end":{"line":36,"column":64}},"9":{"start":{"line":40,"column":20},"end":{"line":40,"column":80}},"10":{"start":{"line":40,"column":55},"end":{"line":40,"column":79}},"11":{"start":{"line":41,"column":4},"end":{"line":43,"column":5}},"12":{"start":{"line":42,"column":6},"end":{"line":42,"column":44}},"13":{"start":{"line":45,"column":21},"end":{"line":45,"column":33}},"14":{"start":{"line":46,"column":21},"end":{"line":46,"column":55}},"15":{"start":{"line":48,"column":20},"end":{"line":48,"column":50}},"16":{"start":{"line":49,"column":4},"end":{"line":51,"column":5}},"17":{"start":{"line":50,"column":6},"end":{"line":50,"column":44}},"18":{"start":{"line":53,"column":20},"end":{"line":53,"column":49}},"19":{"start":{"line":54,"column":4},"end":{"line":56,"column":5}},"20":{"start":{"line":55,"column":6},"end":{"line":55,"column":44}},"21":{"start":{"line":58,"column":30},"end":{"line":58,"column":54}},"22":{"start":{"line":59,"column":30},"end":{"line":59,"column":54}},"23":{"start":{"line":62,"column":22},"end":{"line":62,"column":70}},"24":{"start":{"line":64,"column":4},"end":{"line":64,"column":21}},"25":{"start":{"line":69,"column":6},"end":{"line":69,"column":31}},"26":{"start":{"line":70,"column":6},"end":{"line":70,"column":41}},"27":{"start":{"line":71,"column":6},"end":{"line":71,"column":43}},"28":{"start":{"line":75,"column":6},"end":{"line":75,"column":90}},"29":{"start":{"line":79,"column":2},"end":{"line":87,"column":4}}},"fnMap":{"0":{"name":"myLibraryFunction","decl":{"start":{"line":1,"column":9},"end":{"line":1,"column":26}},"loc":{"start":{"line":1,"column":29},"end":{"line":3,"column":3}},"line":1},"1":{"name":"getServiceList","decl":{"start":{"line":5,"column":11},"end":{"line":5,"column":25}},"loc":{"start":{"line":5,"column":28},"end":{"line":13,"column":3}},"line":5},"2":{"name":"getQualityValues","decl":{"start":{"line":15,"column":11},"end":{"line":15,"column":27}},"loc":{"start":{"line":15,"column":42},"end":{"line":22,"column":3}},"line":15},"3":{"name":"(anonymous_3)","decl":{"start":{"line":21,"column":26},"end":{"line":21,"column":27}},"loc":{"start":{"line":21,"column":39},"end":{"line":21,"column":65}},"line":21},"4":{"name":"getUrgencyIndex","decl":{"start":{"line":24,"column":11},"end":{"line":24,"column":26}},"loc":{"start":{"line":24,"column":41},"end":{"line":33,"column":3}},"line":24},"5":{"name":"(anonymous_5)","decl":{"start":{"line":32,"column":26},"end":{"line":32,"column":27}},"loc":{"start":{"line":32,"column":39},"end":{"line":32,"column":65}},"line":32},"6":{"name":"defineProject","decl":{"start":{"line":35,"column":11},"end":{"line":35,"column":24}},"loc":{"start":{"line":35,"column":66},"end":{"line":37,"column":3}},"line":35},"7":{"name":"calculateCost","decl":{"start":{"line":39,"column":11},"end":{"line":39,"column":24}},"loc":{"start":{"line":39,"column":73},"end":{"line":65,"column":3}},"line":39},"8":{"name":"(anonymous_8)","decl":{"start":{"line":40,"column":42},"end":{"line":40,"column":43}},"loc":{"start":{"line":40,"column":55},"end":{"line":40,"column":79}},"line":40},"9":{"name":"(anonymous_9)","decl":{"start":{"line":68,"column":4},"end":{"line":68,"column":5}},"loc":{"start":{"line":68,"column":57},"end":{"line":72,"column":5}},"line":68},"10":{"name":"(anonymous_10)","decl":{"start":{"line":74,"column":4},"end":{"line":74,"column":5}},"loc":{"start":{"line":74,"column":20},"end":{"line":76,"column":5}},"line":74}},"branchMap":{"0":{"loc":{"start":{"line":21,"column":11},"end":{"line":21,"column":74}},"type":"binary-expr","locations":[{"start":{"line":21,"column":11},"end":{"line":21,"column":66}},{"start":{"line":21,"column":70},"end":{"line":21,"column":74}}],"line":21},"1":{"loc":{"start":{"line":32,"column":11},"end":{"line":32,"column":74}},"type":"binary-expr","locations":[{"start":{"line":32,"column":11},"end":{"line":32,"column":66}},{"start":{"line":32,"column":70},"end":{"line":32,"column":74}}],"line":32},"2":{"loc":{"start":{"line":41,"column":4},"end":{"line":43,"column":5}},"type":"if","locations":[{"start":{"line":41,"column":4},"end":{"line":43,"column":5}},{"start":{},"end":{}}],"line":41},"3":{"loc":{"start":{"line":49,"column":4},"end":{"line":51,"column":5}},"type":"if","locations":[{"start":{"line":49,"column":4},"end":{"line":51,"column":5}},{"start":{},"end":{}}],"line":49},"4":{"loc":{"start":{"line":54,"column":4},"end":{"line":56,"column":5}},"type":"if","locations":[{"start":{"line":54,"column":4},"end":{"line":56,"column":5}},{"start":{},"end":{}}],"line":54}},"s":{"0":0,"1":5,"2":6,"3":6,"4":10,"5":5,"6":5,"7":13,"8":5,"9":4,"10":8,"11":4,"12":1,"13":3,"14":3,"15":3,"16":3,"17":1,"18":2,"19":2,"20":1,"21":1,"22":1,"23":1,"24":1,"25":5,"26":5,"27":5,"28":4,"29":1},"f":{"0":0,"1":5,"2":6,"3":10,"4":5,"5":13,"6":5,"7":4,"8":8,"9":5,"10":4},"b":{"0":[6,2],"1":[5,2],"2":[1,3],"3":[1,2],"4":[1,1]},"_coverageSchema":"1a1c01bbd47fc00a2c39e90264f33305004495a9","hash":"c47844eb8eca204af95d8b6b26cd0282ec70b235"}
}
