TN:
SF:src\index.js
FN:1,myLibraryFunction
FN:5,getServiceList
FN:15,getQualityValues
FN:21,(anonymous_3)
FN:24,getUrgencyIndex
FN:32,(anonymous_5)
FN:35,defineProject
FN:39,calculateCost
FN:40,(anonymous_8)
FN:68,(anonymous_9)
FN:74,(anonymous_10)
FNF:11
FNH:10
FNDA:0,myLibraryFunction
FNDA:5,getServiceList
FNDA:6,getQualityValues
FNDA:10,(anonymous_3)
FNDA:5,getUrgencyIndex
FNDA:13,(anonymous_5)
FNDA:5,defineProject
FNDA:4,calculateCost
FNDA:8,(anonymous_8)
FNDA:5,(anonymous_9)
FNDA:4,(anonymous_10)
DA:2,0
DA:6,5
DA:16,6
DA:21,10
DA:25,5
DA:32,13
DA:36,5
DA:40,8
DA:41,4
DA:42,1
DA:45,3
DA:46,3
DA:48,3
DA:49,3
DA:50,1
DA:53,2
DA:54,2
DA:55,1
DA:58,1
DA:59,1
DA:62,1
DA:64,1
DA:69,5
DA:70,5
DA:71,5
DA:75,4
DA:79,1
LF:27
LH:26
BRDA:21,0,0,6
BRDA:21,0,1,2
BRDA:32,1,0,5
BRDA:32,1,1,2
BRDA:41,2,0,1
BRDA:41,2,1,3
BRDA:49,3,0,1
BRDA:49,3,1,2
BRDA:54,4,0,1
BRDA:54,4,1,1
BRF:10
BRH:10
end_of_record
